Using pre-set license
Built from '2020.3/release' branch; Version is '2020.3.2f1 (8fd9074bf66c) revision 9427207'; Using compiler version '192528614'; Build Type 'Release'
OS: 'Windows 10 Home; OS build 22631.4317; Version 2009; 64bit' Language: 'pl' Physical Memory: 15628 MB
BatchMode: 1, IsHumanControllingUs: 0, StartBugReporterOnCrash: 0, Is64bit: 1, IsPro: 0

 COMMAND LINE ARGUMENTS:
E:\Unity\2020.3.2f1\Editor\Unity.exe
-adb2
-batchMode
-noUpm
-name
AssetImportWorker0
-projectPath
E:/Unity Projects/OSJ
-logFile
Logs/AssetImportWorker0.log
-srvPort
60941
Successfully changed project path to: E:/Unity Projects/OSJ
E:/Unity Projects/OSJ
Using Asset Import Pipeline V2.
Refreshing native plugins compatible for Editor in 63.06 ms, found 1 plugins.
Preloading 0 native plugins for Editor in 0.00 ms.
Initialize engine version: 2020.3.2f1 (8fd9074bf66c)
[Subsystems] Discovering subsystems at path E:/Unity/2020.3.2f1/Editor/Data/Resources/UnitySubsystems
[Subsystems] Discovering subsystems at path E:/Unity Projects/OSJ/Assets
GfxDevice: creating device client; threaded=0
Direct3D:
    Version:  Direct3D 11.0 [level 11.1]
    Renderer: NVIDIA GeForce RTX 3060 Laptop GPU (ID=0x2520)
    Vendor:   
    VRAM:     6010 MB
    Driver:   31.0.15.4680
Shader 'Universal Render Pipeline/Particles/Lit': fallback shader 'Universal Render Pipeline/Particles/SimpleLit' not found
Initialize mono
Mono path[0] = 'E:/Unity/2020.3.2f1/Editor/Data/Managed'
Mono path[1] = 'E:/Unity/2020.3.2f1/Editor/Data/MonoBleedingEdge/lib/mono/unityjit'
Mono config path = 'E:/Unity/2020.3.2f1/Editor/Data/MonoBleedingEdge/etc'
Using monoOptions --debugger-agent=transport=dt_socket,embedding=1,server=y,suspend=n,address=127.0.0.1:56044
Begin MonoManager ReloadAssembly
Registering precompiled unity dll's ...
Register platform support module: E:/Unity/2020.3.2f1/Editor/Data/PlaybackEngines/WindowsStandaloneSupport/UnityEditor.WindowsStandalone.Extensions.dll
Registered in 0.001337 seconds.
Native extension for WindowsStandalone target not found
Refreshing native plugins compatible for Editor in 60.36 ms, found 1 plugins.
Preloading 0 native plugins for Editor in 0.00 ms.
Invoked RoslynAnalysisRunner static constructor.
RoslynAnalysisRunner will not be running.
RoslynAnalysisRunner has terminated.
Mono: successfully reloaded assembly
- Completed reload, in  0.900 seconds
Platform modules already initialized, skipping
Registering precompiled user dll's ...
Registered in 0.008134 seconds.
Begin MonoManager ReloadAssembly
Native extension for WindowsStandalone target not found
Refreshing native plugins compatible for Editor in 58.11 ms, found 1 plugins.
Preloading 0 native plugins for Editor in 0.00 ms.
Invoked RoslynAnalysisRunner static constructor.
RoslynAnalysisRunner will not be running.
RoslynAnalysisRunner has terminated.
Mono: successfully reloaded assembly
- Completed reload, in  1.272 seconds
Platform modules already initialized, skipping
========================================================================
Worker process is ready to serve import requests
Shader 'Universal Render Pipeline/Particles/Lit': fallback shader 'Universal Render Pipeline/Particles/SimpleLit' not found
Launched and connected shader compiler UnityShaderCompiler.exe after 0.06 seconds
Refreshing native plugins compatible for Editor in 0.93 ms, found 1 plugins.
Preloading 0 native plugins for Editor in 0.00 ms.
Unloading 4022 Unused Serialized files (Serialized files now loaded: 0)
System memory in use before: 270.6 MB.
System memory in use after: 270.8 MB.

Unloading 46 unused Assets to reduce memory usage. Loaded Objects now: 4456.
Total: 2.855000 ms (FindLiveObjects: 0.449700 ms CreateObjectMapping: 0.160700 ms MarkObjects: 2.155700 ms  DeleteObjects: 0.088000 ms)

========================================================================
Received Import Request.
  path: Assets/Prefabs/Hill.prefab
  artifactKey: Guid(64922f8bf24a621868c07c874644687e) Importer(815301076,1909f56bfc062723c751e8b465ee728b)
Start importing Assets/Prefabs/Hill.prefab using Guid(64922f8bf24a621868c07c874644687e) Importer(815301076,1909f56bfc062723c751e8b465ee728b)  -> (artifact id: '45f5af45a38e3d211f43039ffc53ccd7') in 0.049944 seconds
  Import took 0.056331 seconds .

========================================================================
Received Import Request.
  Time since last request: 0.000195 seconds.
  path: Assets/Terrain/Terrain_1_1_d7d6d366-c654-42c7-807a-0d682b2e696b.asset
  artifactKey: Guid(257bb0debd9cc736f9c0cd344ede3e9e) Importer(815301076,1909f56bfc062723c751e8b465ee728b)
Start importing Assets/Terrain/Terrain_1_1_d7d6d366-c654-42c7-807a-0d682b2e696b.asset using Guid(257bb0debd9cc736f9c0cd344ede3e9e) Importer(815301076,1909f56bfc062723c751e8b465ee728b)  -> (artifact id: 'ced68de86921e652b5cc7cff282309b8') in 0.065750 seconds
  Import took 0.071765 seconds .

========================================================================
Received Import Request.
  Time since last request: 20.340270 seconds.
  path: Assets/Arts/flags/ph.png
  artifactKey: Guid(6be2c5eecb86f08ae92f916ff3aadcf4) Importer(815301076,1909f56bfc062723c751e8b465ee728b)
Start importing Assets/Arts/flags/ph.png using Guid(6be2c5eecb86f08ae92f916ff3aadcf4) Importer(815301076,1909f56bfc062723c751e8b465ee728b)  -> (artifact id: '30df8b308d2b31c8ae2aa138ebb2bcc4') in 0.158988 seconds
  Import took 0.174649 seconds .

========================================================================
Received Import Request.
  Time since last request: 22.613010 seconds.
  path: Assets/Resources/Translations/Phrases/New Translatable Phrase.asset
  artifactKey: Guid(34adf18f1db3dc746bb75dade512d666) Importer(815301076,1909f56bfc062723c751e8b465ee728b)
Start importing Assets/Resources/Translations/Phrases/New Translatable Phrase.asset using Guid(34adf18f1db3dc746bb75dade512d666) Importer(815301076,1909f56bfc062723c751e8b465ee728b) NullReferenceException: Object reference not set to an instance of an object
  at OpenSkiJumping.ScriptableObjects.TranslatablePhrase.OnEnable () [0x00000] in E:\Unity Projects\OSJ\Assets\Scripts\ScriptableObjects\TranslatablePhrase.cs:29 

(Filename: Assets/Scripts/ScriptableObjects/TranslatablePhrase.cs Line: 29)

 -> (artifact id: 'da4cd18bc25533942cc974579789d7ee') in 0.005644 seconds
  Import took 0.011986 seconds .

========================================================================
Received Import Request.
  Time since last request: 0.034604 seconds.
  path: Assets/Resources/Translations/Phrases/New Translatable Phrase.asset
  artifactKey: Guid(34adf18f1db3dc746bb75dade512d666) Importer(815301076,1909f56bfc062723c751e8b465ee728b)
Start importing Assets/Resources/Translations/Phrases/New Translatable Phrase.asset using Guid(34adf18f1db3dc746bb75dade512d666) Importer(815301076,1909f56bfc062723c751e8b465ee728b) NullReferenceException: Object reference not set to an instance of an object
  at OpenSkiJumping.ScriptableObjects.TranslatablePhrase.OnEnable () [0x00000] in E:\Unity Projects\OSJ\Assets\Scripts\ScriptableObjects\TranslatablePhrase.cs:29 

(Filename: Assets/Scripts/ScriptableObjects/TranslatablePhrase.cs Line: 29)

 -> (artifact id: 'da4cd18bc25533942cc974579789d7ee') in 0.002016 seconds
  Import took 0.008047 seconds .

========================================================================
Received Import Request.
  Time since last request: 12.300894 seconds.
  path: Assets/Resources/Translations/Phrases/WIP.asset
  artifactKey: Guid(34adf18f1db3dc746bb75dade512d666) Importer(815301076,1909f56bfc062723c751e8b465ee728b)
Start importing Assets/Resources/Translations/Phrases/WIP.asset using Guid(34adf18f1db3dc746bb75dade512d666) Importer(815301076,1909f56bfc062723c751e8b465ee728b) NullReferenceException: Object reference not set to an instance of an object
  at OpenSkiJumping.ScriptableObjects.TranslatablePhrase.OnEnable () [0x00000] in E:\Unity Projects\OSJ\Assets\Scripts\ScriptableObjects\TranslatablePhrase.cs:29 

(Filename: Assets/Scripts/ScriptableObjects/TranslatablePhrase.cs Line: 29)

 -> (artifact id: '80218f1fd90f3d977580f7b3d611f6bf') in 0.002212 seconds
  Import took 0.008832 seconds .

========================================================================
Received Prepare
Registering precompiled user dll's ...
Registered in 0.003833 seconds.
Begin MonoManager ReloadAssembly
Native extension for WindowsStandalone target not found
Refreshing native plugins compatible for Editor in 1.07 ms, found 1 plugins.
Preloading 0 native plugins for Editor in 0.00 ms.
Invoked RoslynAnalysisRunner static constructor.
RoslynAnalysisRunner will not be running.
RoslynAnalysisRunner has terminated.
Mono: successfully reloaded assembly
- Completed reload, in  0.736 seconds
Platform modules already initialized, skipping
Shader 'Universal Render Pipeline/Particles/Lit': fallback shader 'Universal Render Pipeline/Particles/SimpleLit' not found
Refreshing native plugins compatible for Editor in 1.00 ms, found 1 plugins.
Preloading 0 native plugins for Editor in 0.00 ms.
Unloading 3842 Unused Serialized files (Serialized files now loaded: 0)
System memory in use before: 262.6 MB.
System memory in use after: 262.8 MB.

Unloading 38 unused Assets to reduce memory usage. Loaded Objects now: 4719.
Total: 3.211400 ms (FindLiveObjects: 0.776800 ms CreateObjectMapping: 0.189200 ms MarkObjects: 2.209800 ms  DeleteObjects: 0.033500 ms)

========================================================================
Received Import Request.
  Time since last request: 105.618193 seconds.
  path: Assets/Resources/Translations/Phrases/WIP.asset
  artifactKey: Guid(34adf18f1db3dc746bb75dade512d666) Importer(815301076,1909f56bfc062723c751e8b465ee728b)
Start importing Assets/Resources/Translations/Phrases/WIP.asset using Guid(34adf18f1db3dc746bb75dade512d666) Importer(815301076,1909f56bfc062723c751e8b465ee728b)  -> (artifact id: '554f41fd41cb09979e1b1e2014873475') in 0.044252 seconds
  Import took 0.051806 seconds .

========================================================================
Received Prepare
Registering precompiled user dll's ...
Registered in 0.004772 seconds.
Begin MonoManager ReloadAssembly
Native extension for WindowsStandalone target not found
Refreshing native plugins compatible for Editor in 1.01 ms, found 1 plugins.
Preloading 0 native plugins for Editor in 0.00 ms.
Invoked RoslynAnalysisRunner static constructor.
RoslynAnalysisRunner will not be running.
RoslynAnalysisRunner has terminated.
Mono: successfully reloaded assembly
- Completed reload, in  0.763 seconds
Platform modules already initialized, skipping
Shader 'Universal Render Pipeline/Particles/Lit': fallback shader 'Universal Render Pipeline/Particles/SimpleLit' not found
Refreshing native plugins compatible for Editor in 0.99 ms, found 1 plugins.
Preloading 0 native plugins for Editor in 0.00 ms.
Unloading 3836 Unused Serialized files (Serialized files now loaded: 0)
System memory in use before: 262.1 MB.
System memory in use after: 262.3 MB.

Unloading 37 unused Assets to reduce memory usage. Loaded Objects now: 4722.
Total: 3.057100 ms (FindLiveObjects: 0.431600 ms CreateObjectMapping: 0.149400 ms MarkObjects: 2.452100 ms  DeleteObjects: 0.023300 ms)

========================================================================
Received Prepare
Registering precompiled user dll's ...
Registered in 0.003557 seconds.
Begin MonoManager ReloadAssembly
Native extension for WindowsStandalone target not found
Refreshing native plugins compatible for Editor in 0.98 ms, found 1 plugins.
Preloading 0 native plugins for Editor in 0.00 ms.
Invoked RoslynAnalysisRunner static constructor.
RoslynAnalysisRunner will not be running.
RoslynAnalysisRunner has terminated.
Mono: successfully reloaded assembly
- Completed reload, in  0.720 seconds
Platform modules already initialized, skipping
Shader 'Universal Render Pipeline/Particles/Lit': fallback shader 'Universal Render Pipeline/Particles/SimpleLit' not found
Refreshing native plugins compatible for Editor in 1.02 ms, found 1 plugins.
Preloading 0 native plugins for Editor in 0.00 ms.
Unloading 3836 Unused Serialized files (Serialized files now loaded: 0)
System memory in use before: 262.1 MB.
System memory in use after: 262.4 MB.

Unloading 37 unused Assets to reduce memory usage. Loaded Objects now: 4725.
Total: 3.184600 ms (FindLiveObjects: 0.487300 ms CreateObjectMapping: 0.242400 ms MarkObjects: 2.428100 ms  DeleteObjects: 0.025300 ms)

========================================================================
Received Import Request.
  Time since last request: 146.435254 seconds.
  path: Assets/Resources/Translations/Phrases/WIP.asset
  artifactKey: Guid(34adf18f1db3dc746bb75dade512d666) Importer(815301076,1909f56bfc062723c751e8b465ee728b)
Start importing Assets/Resources/Translations/Phrases/WIP.asset using Guid(34adf18f1db3dc746bb75dade512d666) Importer(815301076,1909f56bfc062723c751e8b465ee728b)  -> (artifact id: 'd3ec180eddcb0a1851bdf531bd203dd5') in 0.022329 seconds
  Import took 0.029953 seconds .

========================================================================
Received Prepare
Registering precompiled user dll's ...
Registered in 0.003605 seconds.
Begin MonoManager ReloadAssembly
Native extension for WindowsStandalone target not found
Refreshing native plugins compatible for Editor in 1.00 ms, found 1 plugins.
Preloading 0 native plugins for Editor in 0.00 ms.
Invoked RoslynAnalysisRunner static constructor.
RoslynAnalysisRunner will not be running.
RoslynAnalysisRunner has terminated.
Mono: successfully reloaded assembly
- Completed reload, in  0.750 seconds
Platform modules already initialized, skipping
Shader 'Universal Render Pipeline/Particles/Lit': fallback shader 'Universal Render Pipeline/Particles/SimpleLit' not found
Refreshing native plugins compatible for Editor in 1.02 ms, found 1 plugins.
Preloading 0 native plugins for Editor in 0.00 ms.
Unloading 3836 Unused Serialized files (Serialized files now loaded: 0)
System memory in use before: 262.2 MB.
System memory in use after: 262.4 MB.

Unloading 37 unused Assets to reduce memory usage. Loaded Objects now: 4728.
Total: 2.877200 ms (FindLiveObjects: 0.440300 ms CreateObjectMapping: 0.117400 ms MarkObjects: 2.293600 ms  DeleteObjects: 0.024800 ms)

========================================================================
Received Prepare
Registering precompiled user dll's ...
Registered in 0.003866 seconds.
Begin MonoManager ReloadAssembly
Native extension for WindowsStandalone target not found
Refreshing native plugins compatible for Editor in 0.99 ms, found 1 plugins.
Preloading 0 native plugins for Editor in 0.00 ms.
Invoked RoslynAnalysisRunner static constructor.
RoslynAnalysisRunner will not be running.
RoslynAnalysisRunner has terminated.
Mono: successfully reloaded assembly
- Completed reload, in  0.740 seconds
Platform modules already initialized, skipping
Shader 'Universal Render Pipeline/Particles/Lit': fallback shader 'Universal Render Pipeline/Particles/SimpleLit' not found
Refreshing native plugins compatible for Editor in 1.00 ms, found 1 plugins.
Preloading 0 native plugins for Editor in 0.00 ms.
Unloading 3836 Unused Serialized files (Serialized files now loaded: 0)
System memory in use before: 262.2 MB.
System memory in use after: 262.4 MB.

Unloading 37 unused Assets to reduce memory usage. Loaded Objects now: 4731.
Total: 4.319400 ms (FindLiveObjects: 0.476000 ms CreateObjectMapping: 0.142800 ms MarkObjects: 3.664300 ms  DeleteObjects: 0.034600 ms)

========================================================================
Received Prepare
Registering precompiled user dll's ...
Registered in 0.003853 seconds.
Begin MonoManager ReloadAssembly
Native extension for WindowsStandalone target not found
Refreshing native plugins compatible for Editor in 0.98 ms, found 1 plugins.
Preloading 0 native plugins for Editor in 0.00 ms.
Invoked RoslynAnalysisRunner static constructor.
RoslynAnalysisRunner will not be running.
RoslynAnalysisRunner has terminated.
Mono: successfully reloaded assembly
- Completed reload, in  0.729 seconds
Platform modules already initialized, skipping
Shader 'Universal Render Pipeline/Particles/Lit': fallback shader 'Universal Render Pipeline/Particles/SimpleLit' not found
Refreshing native plugins compatible for Editor in 1.02 ms, found 1 plugins.
Preloading 0 native plugins for Editor in 0.00 ms.
Unloading 3836 Unused Serialized files (Serialized files now loaded: 0)
System memory in use before: 262.2 MB.
System memory in use after: 262.4 MB.

Unloading 37 unused Assets to reduce memory usage. Loaded Objects now: 4734.
Total: 3.588100 ms (FindLiveObjects: 0.479200 ms CreateObjectMapping: 0.233900 ms MarkObjects: 2.843400 ms  DeleteObjects: 0.030400 ms)

========================================================================
Received Prepare
Registering precompiled user dll's ...
Registered in 0.003720 seconds.
Begin MonoManager ReloadAssembly
Native extension for WindowsStandalone target not found
Refreshing native plugins compatible for Editor in 0.98 ms, found 1 plugins.
Preloading 0 native plugins for Editor in 0.00 ms.
Invoked RoslynAnalysisRunner static constructor.
RoslynAnalysisRunner will not be running.
RoslynAnalysisRunner has terminated.
Mono: successfully reloaded assembly
- Completed reload, in  0.742 seconds
Platform modules already initialized, skipping
Shader 'Universal Render Pipeline/Particles/Lit': fallback shader 'Universal Render Pipeline/Particles/SimpleLit' not found
Refreshing native plugins compatible for Editor in 0.99 ms, found 1 plugins.
Preloading 0 native plugins for Editor in 0.00 ms.
Unloading 3836 Unused Serialized files (Serialized files now loaded: 0)
System memory in use before: 262.2 MB.
System memory in use after: 262.4 MB.

Unloading 37 unused Assets to reduce memory usage. Loaded Objects now: 4737.
Total: 3.722600 ms (FindLiveObjects: 0.670700 ms CreateObjectMapping: 0.260200 ms MarkObjects: 2.755800 ms  DeleteObjects: 0.034500 ms)

========================================================================
Received Prepare
Registering precompiled user dll's ...
Registered in 0.003511 seconds.
Begin MonoManager ReloadAssembly
Native extension for WindowsStandalone target not found
Refreshing native plugins compatible for Editor in 0.98 ms, found 1 plugins.
Preloading 0 native plugins for Editor in 0.00 ms.
Invoked RoslynAnalysisRunner static constructor.
RoslynAnalysisRunner will not be running.
RoslynAnalysisRunner has terminated.
Mono: successfully reloaded assembly
- Completed reload, in  0.770 seconds
Platform modules already initialized, skipping
Shader 'Universal Render Pipeline/Particles/Lit': fallback shader 'Universal Render Pipeline/Particles/SimpleLit' not found
Refreshing native plugins compatible for Editor in 0.99 ms, found 1 plugins.
Preloading 0 native plugins for Editor in 0.00 ms.
Unloading 3836 Unused Serialized files (Serialized files now loaded: 0)
System memory in use before: 262.2 MB.
System memory in use after: 262.4 MB.

Unloading 37 unused Assets to reduce memory usage. Loaded Objects now: 4740.
Total: 3.151800 ms (FindLiveObjects: 0.526400 ms CreateObjectMapping: 0.138800 ms MarkObjects: 2.458400 ms  DeleteObjects: 0.027100 ms)

========================================================================
Received Prepare
Registering precompiled user dll's ...
Registered in 0.004018 seconds.
Begin MonoManager ReloadAssembly
Native extension for WindowsStandalone target not found
Refreshing native plugins compatible for Editor in 0.98 ms, found 1 plugins.
Preloading 0 native plugins for Editor in 0.00 ms.
Invoked RoslynAnalysisRunner static constructor.
RoslynAnalysisRunner will not be running.
RoslynAnalysisRunner has terminated.
Mono: successfully reloaded assembly
- Completed reload, in  0.741 seconds
Platform modules already initialized, skipping
Shader 'Universal Render Pipeline/Particles/Lit': fallback shader 'Universal Render Pipeline/Particles/SimpleLit' not found
Refreshing native plugins compatible for Editor in 0.97 ms, found 1 plugins.
Preloading 0 native plugins for Editor in 0.00 ms.
Unloading 3836 Unused Serialized files (Serialized files now loaded: 0)
System memory in use before: 262.2 MB.
System memory in use after: 262.5 MB.

Unloading 37 unused Assets to reduce memory usage. Loaded Objects now: 4743.
Total: 3.110300 ms (FindLiveObjects: 0.387400 ms CreateObjectMapping: 0.135400 ms MarkObjects: 2.566500 ms  DeleteObjects: 0.020200 ms)

========================================================================
Received Import Request.
  Time since last request: 5399.967360 seconds.
  path: Assets/Scenes/Hills/HillTemplate.unity
  artifactKey: Guid(17e7d6f831b9e0318b6b64ecef1e3e7c) Importer(815301076,1909f56bfc062723c751e8b465ee728b)
Start importing Assets/Scenes/Hills/HillTemplate.unity using Guid(17e7d6f831b9e0318b6b64ecef1e3e7c) Importer(815301076,1909f56bfc062723c751e8b465ee728b)  -> (artifact id: 'd8862b08270a92526224de1993ed33f0') in 0.044251 seconds
  Import took 0.051515 seconds .

