Using pre-set license
Built from '2020.3/release' branch; Version is '2020.3.2f1 (8fd9074bf66c) revision 9427207'; Using compiler version '192528614'; Build Type 'Release'
OS: 'Windows 10 Home; OS build 22631.4317; Version 2009; 64bit' Language: 'pl' Physical Memory: 15628 MB
BatchMode: 1, IsHumanControllingUs: 0, StartBugReporterOnCrash: 0, Is64bit: 1, IsPro: 0

 COMMAND LINE ARGUMENTS:
E:\Unity\2020.3.2f1\Editor\Unity.exe
-adb2
-batchMode
-noUpm
-name
AssetImportWorker1
-projectPath
E:/Unity Projects/OSJ
-logFile
Logs/AssetImportWorker1.log
-srvPort
52128
Successfully changed project path to: E:/Unity Projects/OSJ
E:/Unity Projects/OSJ
Using Asset Import Pipeline V2.
Refreshing native plugins compatible for Editor in 88.02 ms, found 1 plugins.
Preloading 0 native plugins for Editor in 0.00 ms.
Initialize engine version: 2020.3.2f1 (8fd9074bf66c)
[Subsystems] Discovering subsystems at path E:/Unity/2020.3.2f1/Editor/Data/Resources/UnitySubsystems
[Subsystems] Discovering subsystems at path E:/Unity Projects/OSJ/Assets
GfxDevice: creating device client; threaded=0
Direct3D:
    Version:  Direct3D 11.0 [level 11.1]
    Renderer: NVIDIA GeForce RTX 3060 Laptop GPU (ID=0x2520)
    Vendor:   
    VRAM:     6010 MB
    Driver:   31.0.15.4680
Shader 'Universal Render Pipeline/Particles/Lit': fallback shader 'Universal Render Pipeline/Particles/SimpleLit' not found
Initialize mono
Mono path[0] = 'E:/Unity/2020.3.2f1/Editor/Data/Managed'
Mono path[1] = 'E:/Unity/2020.3.2f1/Editor/Data/MonoBleedingEdge/lib/mono/unityjit'
Mono config path = 'E:/Unity/2020.3.2f1/Editor/Data/MonoBleedingEdge/etc'
Using monoOptions --debugger-agent=transport=dt_socket,embedding=1,server=y,suspend=n,address=127.0.0.1:56228
Begin MonoManager ReloadAssembly
Registering precompiled unity dll's ...
Register platform support module: E:/Unity/2020.3.2f1/Editor/Data/PlaybackEngines/WindowsStandaloneSupport/UnityEditor.WindowsStandalone.Extensions.dll
Registered in 0.000739 seconds.
Native extension for WindowsStandalone target not found
Refreshing native plugins compatible for Editor in 64.41 ms, found 1 plugins.
Preloading 0 native plugins for Editor in 0.00 ms.
Invoked RoslynAnalysisRunner static constructor.
RoslynAnalysisRunner will not be running.
RoslynAnalysisRunner has terminated.
Mono: successfully reloaded assembly
- Completed reload, in  1.234 seconds
Platform modules already initialized, skipping
Registering precompiled user dll's ...
Registered in 0.003766 seconds.
Begin MonoManager ReloadAssembly
Native extension for WindowsStandalone target not found
Refreshing native plugins compatible for Editor in 64.89 ms, found 1 plugins.
Preloading 0 native plugins for Editor in 0.00 ms.
Invoked RoslynAnalysisRunner static constructor.
RoslynAnalysisRunner will not be running.
RoslynAnalysisRunner has terminated.
Mono: successfully reloaded assembly
- Completed reload, in  1.290 seconds
Platform modules already initialized, skipping
========================================================================
Worker process is ready to serve import requests
Shader 'Universal Render Pipeline/Particles/Lit': fallback shader 'Universal Render Pipeline/Particles/SimpleLit' not found
Launched and connected shader compiler UnityShaderCompiler.exe after 0.05 seconds
Refreshing native plugins compatible for Editor in 1.05 ms, found 1 plugins.
Preloading 0 native plugins for Editor in 0.00 ms.
Unloading 4022 Unused Serialized files (Serialized files now loaded: 0)
System memory in use before: 271.0 MB.
System memory in use after: 271.2 MB.

Unloading 46 unused Assets to reduce memory usage. Loaded Objects now: 4459.
Total: 3.356100 ms (FindLiveObjects: 0.529600 ms CreateObjectMapping: 0.311300 ms MarkObjects: 2.410400 ms  DeleteObjects: 0.103800 ms)

========================================================================
Received Import Request.
  path: Assets/Materials/HandrailPlainWhite.mat
  artifactKey: Guid(1ba02a57dbb6621498e3b0a905eec926) Importer(815301076,1909f56bfc062723c751e8b465ee728b)
Start importing Assets/Materials/HandrailPlainWhite.mat using Guid(1ba02a57dbb6621498e3b0a905eec926) Importer(815301076,1909f56bfc062723c751e8b465ee728b)  -> (artifact id: '8174aeb73d74af63b5d415dcfd997764') in 0.186305 seconds
  Import took 0.192615 seconds .

========================================================================
Received Import Request.
  Time since last request: 27.803105 seconds.
  path: Assets/Materials/InrunConstructionPlainMetallic.mat
  artifactKey: Guid(cdb2fffaf88ec11428a5fff0da2f90e7) Importer(815301076,1909f56bfc062723c751e8b465ee728b)
Start importing Assets/Materials/InrunConstructionPlainMetallic.mat using Guid(cdb2fffaf88ec11428a5fff0da2f90e7) Importer(815301076,1909f56bfc062723c751e8b465ee728b)  -> (artifact id: '0dc54ec62db866ab5b32405cd7bad43a') in 0.007659 seconds
  Import took 0.015975 seconds .

========================================================================
Received Prepare
Registering precompiled user dll's ...
Registered in 0.004803 seconds.
Begin MonoManager ReloadAssembly
Native extension for WindowsStandalone target not found
Refreshing native plugins compatible for Editor in 1.23 ms, found 1 plugins.
Preloading 0 native plugins for Editor in 0.00 ms.
Invoked RoslynAnalysisRunner static constructor.
RoslynAnalysisRunner will not be running.
RoslynAnalysisRunner has terminated.
Mono: successfully reloaded assembly
- Completed reload, in  1.105 seconds
Platform modules already initialized, skipping
Shader 'Universal Render Pipeline/Particles/Lit': fallback shader 'Universal Render Pipeline/Particles/SimpleLit' not found
Refreshing native plugins compatible for Editor in 1.16 ms, found 1 plugins.
Preloading 0 native plugins for Editor in 0.00 ms.
Unloading 3836 Unused Serialized files (Serialized files now loaded: 0)
System memory in use before: 261.9 MB.
System memory in use after: 262.1 MB.

Unloading 37 unused Assets to reduce memory usage. Loaded Objects now: 4540.
Total: 3.568400 ms (FindLiveObjects: 0.631600 ms CreateObjectMapping: 0.140900 ms MarkObjects: 2.753200 ms  DeleteObjects: 0.041600 ms)

========================================================================
Received Prepare
Registering precompiled user dll's ...
Registered in 0.004614 seconds.
Begin MonoManager ReloadAssembly
Native extension for WindowsStandalone target not found
Refreshing native plugins compatible for Editor in 0.97 ms, found 1 plugins.
Preloading 0 native plugins for Editor in 0.00 ms.
Invoked RoslynAnalysisRunner static constructor.
RoslynAnalysisRunner will not be running.
RoslynAnalysisRunner has terminated.
Mono: successfully reloaded assembly
- Completed reload, in  0.778 seconds
Platform modules already initialized, skipping
Shader 'Universal Render Pipeline/Particles/Lit': fallback shader 'Universal Render Pipeline/Particles/SimpleLit' not found
Refreshing native plugins compatible for Editor in 1.20 ms, found 1 plugins.
Preloading 0 native plugins for Editor in 0.00 ms.
Unloading 3836 Unused Serialized files (Serialized files now loaded: 0)
System memory in use before: 262.0 MB.
System memory in use after: 262.2 MB.

Unloading 37 unused Assets to reduce memory usage. Loaded Objects now: 4543.
Total: 4.244800 ms (FindLiveObjects: 0.451400 ms CreateObjectMapping: 0.146800 ms MarkObjects: 3.592100 ms  DeleteObjects: 0.053000 ms)

========================================================================
Received Import Request.
  Time since last request: 258.830358 seconds.
  path: Assets/Materials/HandrailPlainMetallic.mat
  artifactKey: Guid(08179e0fbf651a747aa38e1b2d3d0413) Importer(815301076,1909f56bfc062723c751e8b465ee728b)
Start importing Assets/Materials/HandrailPlainMetallic.mat using Guid(08179e0fbf651a747aa38e1b2d3d0413) Importer(815301076,1909f56bfc062723c751e8b465ee728b)  -> (artifact id: 'b06b2d2a6c43d4b6b69c506a211b96b8') in 0.113971 seconds
  Import took 0.120528 seconds .

========================================================================
Received Import Request.
  Time since last request: 16.274690 seconds.
  path: Assets/Materials/HandrailPlainMetallic.mat
  artifactKey: Guid(08179e0fbf651a747aa38e1b2d3d0413) Importer(815301076,1909f56bfc062723c751e8b465ee728b)
Start importing Assets/Materials/HandrailPlainMetallic.mat using Guid(08179e0fbf651a747aa38e1b2d3d0413) Importer(815301076,1909f56bfc062723c751e8b465ee728b)  -> (artifact id: 'd9e1e4a818a9d2b29c7089631bc39657') in 0.007449 seconds
  Import took 0.014066 seconds .

========================================================================
Received Prepare
Registering precompiled user dll's ...
Registered in 0.003874 seconds.
Begin MonoManager ReloadAssembly
Native extension for WindowsStandalone target not found
Refreshing native plugins compatible for Editor in 1.15 ms, found 1 plugins.
Preloading 0 native plugins for Editor in 0.00 ms.
Invoked RoslynAnalysisRunner static constructor.
RoslynAnalysisRunner will not be running.
RoslynAnalysisRunner has terminated.
Mono: successfully reloaded assembly
- Completed reload, in  1.067 seconds
Platform modules already initialized, skipping
Shader 'Universal Render Pipeline/Particles/Lit': fallback shader 'Universal Render Pipeline/Particles/SimpleLit' not found
Refreshing native plugins compatible for Editor in 1.34 ms, found 1 plugins.
Preloading 0 native plugins for Editor in 0.00 ms.
Unloading 3836 Unused Serialized files (Serialized files now loaded: 0)
System memory in use before: 262.1 MB.
System memory in use after: 262.4 MB.

Unloading 37 unused Assets to reduce memory usage. Loaded Objects now: 4582.
Total: 3.789200 ms (FindLiveObjects: 0.477200 ms CreateObjectMapping: 0.158300 ms MarkObjects: 3.116100 ms  DeleteObjects: 0.035800 ms)

========================================================================
Received Prepare
Registering precompiled user dll's ...
Registered in 0.004570 seconds.
Begin MonoManager ReloadAssembly
Native extension for WindowsStandalone target not found
Refreshing native plugins compatible for Editor in 1.12 ms, found 1 plugins.
Preloading 0 native plugins for Editor in 0.00 ms.
Invoked RoslynAnalysisRunner static constructor.
RoslynAnalysisRunner will not be running.
RoslynAnalysisRunner has terminated.
Mono: successfully reloaded assembly
- Completed reload, in  1.117 seconds
Platform modules already initialized, skipping
Shader 'Universal Render Pipeline/Particles/Lit': fallback shader 'Universal Render Pipeline/Particles/SimpleLit' not found
Refreshing native plugins compatible for Editor in 1.11 ms, found 1 plugins.
Preloading 0 native plugins for Editor in 0.00 ms.
Unloading 3836 Unused Serialized files (Serialized files now loaded: 0)
System memory in use before: 262.1 MB.
System memory in use after: 262.4 MB.

Unloading 37 unused Assets to reduce memory usage. Loaded Objects now: 4585.
Total: 5.227000 ms (FindLiveObjects: 0.544400 ms CreateObjectMapping: 0.225500 ms MarkObjects: 4.411700 ms  DeleteObjects: 0.043700 ms)

========================================================================
Received Prepare
Registering precompiled user dll's ...
Registered in 0.004298 seconds.
Begin MonoManager ReloadAssembly
Native extension for WindowsStandalone target not found
Refreshing native plugins compatible for Editor in 0.95 ms, found 1 plugins.
Preloading 0 native plugins for Editor in 0.00 ms.
Invoked RoslynAnalysisRunner static constructor.
RoslynAnalysisRunner will not be running.
RoslynAnalysisRunner has terminated.
Mono: successfully reloaded assembly
- Completed reload, in  0.775 seconds
Platform modules already initialized, skipping
Shader 'Universal Render Pipeline/Particles/Lit': fallback shader 'Universal Render Pipeline/Particles/SimpleLit' not found
Refreshing native plugins compatible for Editor in 0.94 ms, found 1 plugins.
Preloading 0 native plugins for Editor in 0.00 ms.
Unloading 3836 Unused Serialized files (Serialized files now loaded: 0)
System memory in use before: 262.1 MB.
System memory in use after: 262.4 MB.

Unloading 37 unused Assets to reduce memory usage. Loaded Objects now: 4588.
Total: 3.465400 ms (FindLiveObjects: 0.444900 ms CreateObjectMapping: 0.155800 ms MarkObjects: 2.834400 ms  DeleteObjects: 0.028400 ms)

========================================================================
Received Prepare
Registering precompiled user dll's ...
Registered in 0.003622 seconds.
Begin MonoManager ReloadAssembly
Native extension for WindowsStandalone target not found
Refreshing native plugins compatible for Editor in 0.97 ms, found 1 plugins.
Preloading 0 native plugins for Editor in 0.00 ms.
Invoked RoslynAnalysisRunner static constructor.
RoslynAnalysisRunner will not be running.
RoslynAnalysisRunner has terminated.
Mono: successfully reloaded assembly
- Completed reload, in  0.766 seconds
Platform modules already initialized, skipping
Shader 'Universal Render Pipeline/Particles/Lit': fallback shader 'Universal Render Pipeline/Particles/SimpleLit' not found
Refreshing native plugins compatible for Editor in 1.04 ms, found 1 plugins.
Preloading 0 native plugins for Editor in 0.00 ms.
Unloading 3836 Unused Serialized files (Serialized files now loaded: 0)
System memory in use before: 262.2 MB.
System memory in use after: 262.4 MB.

Unloading 37 unused Assets to reduce memory usage. Loaded Objects now: 4591.
Total: 2.957300 ms (FindLiveObjects: 0.450400 ms CreateObjectMapping: 0.095700 ms MarkObjects: 2.386200 ms  DeleteObjects: 0.023900 ms)

========================================================================
Received Prepare
Registering precompiled user dll's ...
Registered in 0.004248 seconds.
Begin MonoManager ReloadAssembly
Native extension for WindowsStandalone target not found
Refreshing native plugins compatible for Editor in 0.97 ms, found 1 plugins.
Preloading 0 native plugins for Editor in 0.00 ms.
Invoked RoslynAnalysisRunner static constructor.
RoslynAnalysisRunner will not be running.
RoslynAnalysisRunner has terminated.
Mono: successfully reloaded assembly
- Completed reload, in  0.770 seconds
Platform modules already initialized, skipping
Shader 'Universal Render Pipeline/Particles/Lit': fallback shader 'Universal Render Pipeline/Particles/SimpleLit' not found
Refreshing native plugins compatible for Editor in 0.96 ms, found 1 plugins.
Preloading 0 native plugins for Editor in 0.00 ms.
Unloading 3836 Unused Serialized files (Serialized files now loaded: 0)
System memory in use before: 262.2 MB.
System memory in use after: 262.4 MB.

Unloading 37 unused Assets to reduce memory usage. Loaded Objects now: 4594.
Total: 3.228900 ms (FindLiveObjects: 0.485900 ms CreateObjectMapping: 0.156700 ms MarkObjects: 2.560200 ms  DeleteObjects: 0.025200 ms)

========================================================================
Received Import Request.
  Time since last request: 752.439442 seconds.
  path: Assets/Materials/InrunConstructionPlainMetallic.mat
  artifactKey: Guid(cdb2fffaf88ec11428a5fff0da2f90e7) Importer(815301076,1909f56bfc062723c751e8b465ee728b)
Start importing Assets/Materials/InrunConstructionPlainMetallic.mat using Guid(cdb2fffaf88ec11428a5fff0da2f90e7) Importer(815301076,1909f56bfc062723c751e8b465ee728b)  -> (artifact id: '649c720f52910ca9f5d097b7d347146f') in 0.120385 seconds
  Import took 0.127270 seconds .

========================================================================
Received Import Request.
  Time since last request: 0.000219 seconds.
  path: Assets/Materials/InrunConstructionText.mat
  artifactKey: Guid(71a2975d53a42b67591768e3634d521c) Importer(815301076,1909f56bfc062723c751e8b465ee728b)
Start importing Assets/Materials/InrunConstructionText.mat using Guid(71a2975d53a42b67591768e3634d521c) Importer(815301076,1909f56bfc062723c751e8b465ee728b)  -> (artifact id: '0ba77a07c9fc0efb58e9176dc164f129') in 0.029855 seconds
  Import took 0.037180 seconds .

========================================================================
Received Prepare
Registering precompiled user dll's ...
Registered in 0.003744 seconds.
Begin MonoManager ReloadAssembly
Native extension for WindowsStandalone target not found
Refreshing native plugins compatible for Editor in 0.94 ms, found 1 plugins.
Preloading 0 native plugins for Editor in 0.00 ms.
Invoked RoslynAnalysisRunner static constructor.
RoslynAnalysisRunner will not be running.
RoslynAnalysisRunner has terminated.
Mono: successfully reloaded assembly
- Completed reload, in  0.790 seconds
Platform modules already initialized, skipping
Shader 'Universal Render Pipeline/Particles/Lit': fallback shader 'Universal Render Pipeline/Particles/SimpleLit' not found
Refreshing native plugins compatible for Editor in 0.96 ms, found 1 plugins.
Preloading 0 native plugins for Editor in 0.00 ms.
Unloading 3836 Unused Serialized files (Serialized files now loaded: 0)
System memory in use before: 262.3 MB.
System memory in use after: 262.6 MB.

Unloading 37 unused Assets to reduce memory usage. Loaded Objects now: 4633.
Total: 3.302700 ms (FindLiveObjects: 0.504000 ms CreateObjectMapping: 0.245600 ms MarkObjects: 2.523700 ms  DeleteObjects: 0.028000 ms)

========================================================================
Received Prepare
Registering precompiled user dll's ...
Registered in 0.003551 seconds.
Begin MonoManager ReloadAssembly
Native extension for WindowsStandalone target not found
Refreshing native plugins compatible for Editor in 0.95 ms, found 1 plugins.
Preloading 0 native plugins for Editor in 0.00 ms.
Invoked RoslynAnalysisRunner static constructor.
RoslynAnalysisRunner will not be running.
RoslynAnalysisRunner has terminated.
Mono: successfully reloaded assembly
- Completed reload, in  0.758 seconds
Platform modules already initialized, skipping
Shader 'Universal Render Pipeline/Particles/Lit': fallback shader 'Universal Render Pipeline/Particles/SimpleLit' not found
Refreshing native plugins compatible for Editor in 0.97 ms, found 1 plugins.
Preloading 0 native plugins for Editor in 0.00 ms.
Unloading 3836 Unused Serialized files (Serialized files now loaded: 0)
System memory in use before: 262.3 MB.
System memory in use after: 262.6 MB.

Unloading 37 unused Assets to reduce memory usage. Loaded Objects now: 4636.
Total: 3.914000 ms (FindLiveObjects: 0.657000 ms CreateObjectMapping: 0.166500 ms MarkObjects: 3.057900 ms  DeleteObjects: 0.031100 ms)

========================================================================
Received Prepare
Registering precompiled user dll's ...
Registered in 0.003675 seconds.
Begin MonoManager ReloadAssembly
Native extension for WindowsStandalone target not found
Refreshing native plugins compatible for Editor in 1.18 ms, found 1 plugins.
Preloading 0 native plugins for Editor in 0.00 ms.
Invoked RoslynAnalysisRunner static constructor.
RoslynAnalysisRunner will not be running.
RoslynAnalysisRunner has terminated.
Mono: successfully reloaded assembly
- Completed reload, in  0.805 seconds
Platform modules already initialized, skipping
Shader 'Universal Render Pipeline/Particles/Lit': fallback shader 'Universal Render Pipeline/Particles/SimpleLit' not found
Refreshing native plugins compatible for Editor in 1.04 ms, found 1 plugins.
Preloading 0 native plugins for Editor in 0.00 ms.
Unloading 3836 Unused Serialized files (Serialized files now loaded: 0)
System memory in use before: 262.3 MB.
System memory in use after: 262.6 MB.

Unloading 37 unused Assets to reduce memory usage. Loaded Objects now: 4639.
Total: 3.580200 ms (FindLiveObjects: 0.448000 ms CreateObjectMapping: 0.158800 ms MarkObjects: 2.944800 ms  DeleteObjects: 0.027700 ms)

========================================================================
Received Prepare
Registering precompiled user dll's ...
Registered in 0.003816 seconds.
Begin MonoManager ReloadAssembly
Native extension for WindowsStandalone target not found
Refreshing native plugins compatible for Editor in 1.02 ms, found 1 plugins.
Preloading 0 native plugins for Editor in 0.00 ms.
Invoked RoslynAnalysisRunner static constructor.
RoslynAnalysisRunner will not be running.
RoslynAnalysisRunner has terminated.
Mono: successfully reloaded assembly
- Completed reload, in  0.781 seconds
Platform modules already initialized, skipping
Shader 'Universal Render Pipeline/Particles/Lit': fallback shader 'Universal Render Pipeline/Particles/SimpleLit' not found
Refreshing native plugins compatible for Editor in 1.10 ms, found 1 plugins.
Preloading 0 native plugins for Editor in 0.00 ms.
Unloading 3836 Unused Serialized files (Serialized files now loaded: 0)
System memory in use before: 262.3 MB.
System memory in use after: 262.6 MB.

Unloading 37 unused Assets to reduce memory usage. Loaded Objects now: 4642.
Total: 3.713100 ms (FindLiveObjects: 0.613200 ms CreateObjectMapping: 0.212900 ms MarkObjects: 2.852000 ms  DeleteObjects: 0.033600 ms)

