Using pre-set license
Built from '2020.3/release' branch; Version is '2020.3.2f1 (8fd9074bf66c) revision 9427207'; Using compiler version '192528614'; Build Type 'Release'
OS: 'Windows 10 Home; OS build 22631.4460; Version 2009; 64bit' Language: 'pl' Physical Memory: 15628 MB
BatchMode: 1, IsHumanControllingUs: 0, StartBugReporterOnCrash: 0, Is64bit: 1, IsPro: 0

 COMMAND LINE ARGUMENTS:
E:\Unity\2020.3.2f1\Editor\Unity.exe
-adb2
-batchMode
-noUpm
-name
AssetImportWorker0
-projectPath
E:/Unity Projects/Open-Ski-Jumping-2025
-logFile
Logs/AssetImportWorker0.log
-srvPort
53166
Successfully changed project path to: E:/Unity Projects/Open-Ski-Jumping-2025
E:/Unity Projects/Open-Ski-Jumping-2025
Using Asset Import Pipeline V2.
Refreshing native plugins compatible for Editor in 64.44 ms, found 1 plugins.
Preloading 0 native plugins for Editor in 0.00 ms.
Initialize engine version: 2020.3.2f1 (8fd9074bf66c)
[Subsystems] Discovering subsystems at path E:/Unity/2020.3.2f1/Editor/Data/Resources/UnitySubsystems
[Subsystems] Discovering subsystems at path E:/Unity Projects/Open-Ski-Jumping-2025/Assets
GfxDevice: creating device client; threaded=0
Direct3D:
    Version:  Direct3D 11.0 [level 11.1]
    Renderer: NVIDIA GeForce RTX 3060 Laptop GPU (ID=0x2520)
    Vendor:   
    VRAM:     6010 MB
    Driver:   31.0.15.4680
Shader 'Universal Render Pipeline/Particles/Lit': fallback shader 'Universal Render Pipeline/Particles/SimpleLit' not found
Initialize mono
Mono path[0] = 'E:/Unity/2020.3.2f1/Editor/Data/Managed'
Mono path[1] = 'E:/Unity/2020.3.2f1/Editor/Data/MonoBleedingEdge/lib/mono/unityjit'
Mono config path = 'E:/Unity/2020.3.2f1/Editor/Data/MonoBleedingEdge/etc'
Using monoOptions --debugger-agent=transport=dt_socket,embedding=1,server=y,suspend=n,address=127.0.0.1:56604
Begin MonoManager ReloadAssembly
Registering precompiled unity dll's ...
Register platform support module: E:/Unity/2020.3.2f1/Editor/Data/PlaybackEngines/WindowsStandaloneSupport/UnityEditor.WindowsStandalone.Extensions.dll
Registered in 0.000643 seconds.
Native extension for WindowsStandalone target not found
Refreshing native plugins compatible for Editor in 92.86 ms, found 1 plugins.
Preloading 0 native plugins for Editor in 0.00 ms.
Invoked RoslynAnalysisRunner static constructor.
RoslynAnalysisRunner will not be running.
RoslynAnalysisRunner has terminated.
Mono: successfully reloaded assembly
- Completed reload, in  0.770 seconds
Platform modules already initialized, skipping
Registering precompiled user dll's ...
Registered in 0.004907 seconds.
Begin MonoManager ReloadAssembly
Native extension for WindowsStandalone target not found
Refreshing native plugins compatible for Editor in 72.87 ms, found 1 plugins.
Preloading 0 native plugins for Editor in 0.00 ms.
Invoked RoslynAnalysisRunner static constructor.
RoslynAnalysisRunner will not be running.
RoslynAnalysisRunner has terminated.
Mono: successfully reloaded assembly
- Completed reload, in  1.417 seconds
Platform modules already initialized, skipping
========================================================================
Worker process is ready to serve import requests
Shader 'Universal Render Pipeline/Particles/Lit': fallback shader 'Universal Render Pipeline/Particles/SimpleLit' not found
Launched and connected shader compiler UnityShaderCompiler.exe after 0.05 seconds
Refreshing native plugins compatible for Editor in 1.26 ms, found 1 plugins.
Preloading 0 native plugins for Editor in 0.00 ms.
Unloading 4022 Unused Serialized files (Serialized files now loaded: 0)
System memory in use before: 273.3 MB.
System memory in use after: 273.5 MB.

Unloading 46 unused Assets to reduce memory usage. Loaded Objects now: 4460.
Total: 4.414100 ms (FindLiveObjects: 0.677500 ms CreateObjectMapping: 0.278500 ms MarkObjects: 3.341400 ms  DeleteObjects: 0.115100 ms)

========================================================================
Received Import Request.
  path: Assets/Scripts/Competition/ResultsManager.cs
  artifactKey: Guid(a9f01a005295afbf698160fbad4affd7) Importer(815301076,1909f56bfc062723c751e8b465ee728b)
Start importing Assets/Scripts/Competition/ResultsManager.cs using Guid(a9f01a005295afbf698160fbad4affd7) Importer(815301076,1909f56bfc062723c751e8b465ee728b)  -> (artifact id: 'd76c12394b3286b3387d862dc35dc387') in 0.025088 seconds
  Import took 0.035535 seconds .

========================================================================
Received Import Request.
  Time since last request: 50.124188 seconds.
  path: Assets/Scripts/Competition/ResultsManager.cs
  artifactKey: Guid(a9f01a005295afbf698160fbad4affd7) Importer(815301076,1909f56bfc062723c751e8b465ee728b)
Start importing Assets/Scripts/Competition/ResultsManager.cs using Guid(a9f01a005295afbf698160fbad4affd7) Importer(815301076,1909f56bfc062723c751e8b465ee728b)  -> (artifact id: 'daed17b0e7dd0104a0729a49f9e8c669') in 0.001660 seconds
  Import took 0.009597 seconds .

========================================================================
Received Prepare
Registering precompiled user dll's ...
Registered in 0.004278 seconds.
Begin MonoManager ReloadAssembly
Native extension for WindowsStandalone target not found
Refreshing native plugins compatible for Editor in 1.19 ms, found 1 plugins.
Preloading 0 native plugins for Editor in 0.00 ms.
Invoked RoslynAnalysisRunner static constructor.
RoslynAnalysisRunner will not be running.
RoslynAnalysisRunner has terminated.
Mono: successfully reloaded assembly
- Completed reload, in  0.994 seconds
Platform modules already initialized, skipping
Shader 'Universal Render Pipeline/Particles/Lit': fallback shader 'Universal Render Pipeline/Particles/SimpleLit' not found
Refreshing native plugins compatible for Editor in 1.20 ms, found 1 plugins.
Preloading 0 native plugins for Editor in 0.00 ms.
Unloading 3836 Unused Serialized files (Serialized files now loaded: 0)
System memory in use before: 258.8 MB.
System memory in use after: 259.1 MB.

Unloading 37 unused Assets to reduce memory usage. Loaded Objects now: 4463.
Total: 3.335300 ms (FindLiveObjects: 0.498300 ms CreateObjectMapping: 0.184500 ms MarkObjects: 2.606400 ms  DeleteObjects: 0.042800 ms)

========================================================================
Received Prepare
Registering precompiled user dll's ...
Registered in 0.003556 seconds.
Begin MonoManager ReloadAssembly
Native extension for WindowsStandalone target not found
Refreshing native plugins compatible for Editor in 1.03 ms, found 1 plugins.
Preloading 0 native plugins for Editor in 0.00 ms.
Invoked RoslynAnalysisRunner static constructor.
RoslynAnalysisRunner will not be running.
RoslynAnalysisRunner has terminated.
Mono: successfully reloaded assembly
- Completed reload, in  0.780 seconds
Platform modules already initialized, skipping
Shader 'Universal Render Pipeline/Particles/Lit': fallback shader 'Universal Render Pipeline/Particles/SimpleLit' not found
Refreshing native plugins compatible for Editor in 1.02 ms, found 1 plugins.
Preloading 0 native plugins for Editor in 0.00 ms.
Unloading 3836 Unused Serialized files (Serialized files now loaded: 0)
System memory in use before: 258.9 MB.
System memory in use after: 259.2 MB.

Unloading 37 unused Assets to reduce memory usage. Loaded Objects now: 4466.
Total: 3.157100 ms (FindLiveObjects: 0.432500 ms CreateObjectMapping: 0.165900 ms MarkObjects: 2.522900 ms  DeleteObjects: 0.034100 ms)

========================================================================
Received Import Request.
  Time since last request: 52.683629 seconds.
  path: Assets/Scripts/Competition/ResultsManager.cs
  artifactKey: Guid(a9f01a005295afbf698160fbad4affd7) Importer(815301076,1909f56bfc062723c751e8b465ee728b)
Start importing Assets/Scripts/Competition/ResultsManager.cs using Guid(a9f01a005295afbf698160fbad4affd7) Importer(815301076,1909f56bfc062723c751e8b465ee728b)  -> (artifact id: 'a581861ef13f19375f6b742579c00a90') in 0.005858 seconds
  Import took 0.014315 seconds .

========================================================================
Received Prepare
Registering precompiled user dll's ...
Registered in 0.003929 seconds.
Begin MonoManager ReloadAssembly
Native extension for WindowsStandalone target not found
Refreshing native plugins compatible for Editor in 1.09 ms, found 1 plugins.
Preloading 0 native plugins for Editor in 0.00 ms.
Invoked RoslynAnalysisRunner static constructor.
RoslynAnalysisRunner will not be running.
RoslynAnalysisRunner has terminated.
Mono: successfully reloaded assembly
- Completed reload, in  1.006 seconds
Platform modules already initialized, skipping
Shader 'Universal Render Pipeline/Particles/Lit': fallback shader 'Universal Render Pipeline/Particles/SimpleLit' not found
Refreshing native plugins compatible for Editor in 1.08 ms, found 1 plugins.
Preloading 0 native plugins for Editor in 0.00 ms.
Unloading 3836 Unused Serialized files (Serialized files now loaded: 0)
System memory in use before: 259.0 MB.
System memory in use after: 259.2 MB.

Unloading 37 unused Assets to reduce memory usage. Loaded Objects now: 4469.
Total: 3.271800 ms (FindLiveObjects: 0.531800 ms CreateObjectMapping: 0.126800 ms MarkObjects: 2.572200 ms  DeleteObjects: 0.039800 ms)

========================================================================
Received Prepare
Registering precompiled user dll's ...
Registered in 0.003325 seconds.
Begin MonoManager ReloadAssembly
Native extension for WindowsStandalone target not found
Refreshing native plugins compatible for Editor in 1.18 ms, found 1 plugins.
Preloading 0 native plugins for Editor in 0.00 ms.
Invoked RoslynAnalysisRunner static constructor.
RoslynAnalysisRunner will not be running.
RoslynAnalysisRunner has terminated.
Mono: successfully reloaded assembly
- Completed reload, in  0.949 seconds
Platform modules already initialized, skipping
Shader 'Universal Render Pipeline/Particles/Lit': fallback shader 'Universal Render Pipeline/Particles/SimpleLit' not found
Refreshing native plugins compatible for Editor in 1.21 ms, found 1 plugins.
Preloading 0 native plugins for Editor in 0.00 ms.
Unloading 3836 Unused Serialized files (Serialized files now loaded: 0)
System memory in use before: 259.0 MB.
System memory in use after: 259.2 MB.

Unloading 37 unused Assets to reduce memory usage. Loaded Objects now: 4472.
Total: 3.924900 ms (FindLiveObjects: 0.446900 ms CreateObjectMapping: 0.157000 ms MarkObjects: 3.279600 ms  DeleteObjects: 0.040000 ms)

========================================================================
Received Import Request.
  Time since last request: 415.987680 seconds.
  path: Assets/Scripts/Competition/ResultsManager.cs
  artifactKey: Guid(a9f01a005295afbf698160fbad4affd7) Importer(815301076,1909f56bfc062723c751e8b465ee728b)
Start importing Assets/Scripts/Competition/ResultsManager.cs using Guid(a9f01a005295afbf698160fbad4affd7) Importer(815301076,1909f56bfc062723c751e8b465ee728b)  -> (artifact id: '9c07991a48bed221c421f33ea5decb8d') in 0.007150 seconds
  Import took 0.017073 seconds .

========================================================================
Received Prepare
Registering precompiled user dll's ...
Registered in 0.005441 seconds.
Begin MonoManager ReloadAssembly
Native extension for WindowsStandalone target not found
Refreshing native plugins compatible for Editor in 1.11 ms, found 1 plugins.
Preloading 0 native plugins for Editor in 0.00 ms.
Invoked RoslynAnalysisRunner static constructor.
RoslynAnalysisRunner will not be running.
RoslynAnalysisRunner has terminated.
Mono: successfully reloaded assembly
- Completed reload, in  1.019 seconds
Platform modules already initialized, skipping
Shader 'Universal Render Pipeline/Particles/Lit': fallback shader 'Universal Render Pipeline/Particles/SimpleLit' not found
Refreshing native plugins compatible for Editor in 1.07 ms, found 1 plugins.
Preloading 0 native plugins for Editor in 0.00 ms.
Unloading 3836 Unused Serialized files (Serialized files now loaded: 0)
System memory in use before: 259.0 MB.
System memory in use after: 259.2 MB.

Unloading 37 unused Assets to reduce memory usage. Loaded Objects now: 4475.
Total: 2.898700 ms (FindLiveObjects: 0.384300 ms CreateObjectMapping: 0.134200 ms MarkObjects: 2.351700 ms  DeleteObjects: 0.026200 ms)

========================================================================
Received Import Request.
  Time since last request: 133.139585 seconds.
  path: Assets/Scripts/Competition/ResultsManager.cs
  artifactKey: Guid(a9f01a005295afbf698160fbad4affd7) Importer(815301076,1909f56bfc062723c751e8b465ee728b)
Start importing Assets/Scripts/Competition/ResultsManager.cs using Guid(a9f01a005295afbf698160fbad4affd7) Importer(815301076,1909f56bfc062723c751e8b465ee728b)  -> (artifact id: '89260b0d6618d8b7d2e71d6379be400e') in 0.005990 seconds
  Import took 0.013833 seconds .

========================================================================
Received Prepare
Registering precompiled user dll's ...
Registered in 0.005140 seconds.
Begin MonoManager ReloadAssembly
Native extension for WindowsStandalone target not found
Refreshing native plugins compatible for Editor in 1.12 ms, found 1 plugins.
Preloading 0 native plugins for Editor in 0.00 ms.
Invoked RoslynAnalysisRunner static constructor.
RoslynAnalysisRunner will not be running.
RoslynAnalysisRunner has terminated.
Mono: successfully reloaded assembly
- Completed reload, in  0.987 seconds
Platform modules already initialized, skipping
Shader 'Universal Render Pipeline/Particles/Lit': fallback shader 'Universal Render Pipeline/Particles/SimpleLit' not found
Refreshing native plugins compatible for Editor in 0.96 ms, found 1 plugins.
Preloading 0 native plugins for Editor in 0.00 ms.
Unloading 3836 Unused Serialized files (Serialized files now loaded: 0)
System memory in use before: 259.0 MB.
System memory in use after: 259.2 MB.

Unloading 37 unused Assets to reduce memory usage. Loaded Objects now: 4478.
Total: 2.913600 ms (FindLiveObjects: 0.417800 ms CreateObjectMapping: 0.120500 ms MarkObjects: 2.345800 ms  DeleteObjects: 0.028400 ms)

========================================================================
Received Prepare
Registering precompiled user dll's ...
Registered in 0.003488 seconds.
Begin MonoManager ReloadAssembly
Native extension for WindowsStandalone target not found
Refreshing native plugins compatible for Editor in 1.03 ms, found 1 plugins.
Preloading 0 native plugins for Editor in 0.00 ms.
Invoked RoslynAnalysisRunner static constructor.
RoslynAnalysisRunner will not be running.
RoslynAnalysisRunner has terminated.
Mono: successfully reloaded assembly
- Completed reload, in  0.753 seconds
Platform modules already initialized, skipping
Shader 'Universal Render Pipeline/Particles/Lit': fallback shader 'Universal Render Pipeline/Particles/SimpleLit' not found
Refreshing native plugins compatible for Editor in 0.96 ms, found 1 plugins.
Preloading 0 native plugins for Editor in 0.00 ms.
Unloading 3836 Unused Serialized files (Serialized files now loaded: 0)
System memory in use before: 259.0 MB.
System memory in use after: 259.3 MB.

Unloading 37 unused Assets to reduce memory usage. Loaded Objects now: 4481.
Total: 2.966900 ms (FindLiveObjects: 0.400600 ms CreateObjectMapping: 0.118400 ms MarkObjects: 2.426700 ms  DeleteObjects: 0.020200 ms)

========================================================================
Received Import Request.
  Time since last request: 222.975881 seconds.
  path: Assets/Scripts/Competition/ResultsManager.cs
  artifactKey: Guid(a9f01a005295afbf698160fbad4affd7) Importer(815301076,1909f56bfc062723c751e8b465ee728b)
Start importing Assets/Scripts/Competition/ResultsManager.cs using Guid(a9f01a005295afbf698160fbad4affd7) Importer(815301076,1909f56bfc062723c751e8b465ee728b)  -> (artifact id: '247f9be5b56658c450d888ececc0b1a9') in 0.005892 seconds
  Import took 0.012131 seconds .

========================================================================
Received Prepare
Registering precompiled user dll's ...
Registered in 0.004382 seconds.
Begin MonoManager ReloadAssembly
Native extension for WindowsStandalone target not found
Refreshing native plugins compatible for Editor in 1.17 ms, found 1 plugins.
Preloading 0 native plugins for Editor in 0.00 ms.
Invoked RoslynAnalysisRunner static constructor.
RoslynAnalysisRunner will not be running.
RoslynAnalysisRunner has terminated.
Mono: successfully reloaded assembly
- Completed reload, in  0.798 seconds
Platform modules already initialized, skipping
Shader 'Universal Render Pipeline/Particles/Lit': fallback shader 'Universal Render Pipeline/Particles/SimpleLit' not found
Refreshing native plugins compatible for Editor in 1.04 ms, found 1 plugins.
Preloading 0 native plugins for Editor in 0.00 ms.
Unloading 3836 Unused Serialized files (Serialized files now loaded: 0)
System memory in use before: 259.0 MB.
System memory in use after: 259.3 MB.

Unloading 37 unused Assets to reduce memory usage. Loaded Objects now: 4484.
Total: 3.215400 ms (FindLiveObjects: 0.519300 ms CreateObjectMapping: 0.139800 ms MarkObjects: 2.528900 ms  DeleteObjects: 0.026600 ms)

========================================================================
Received Import Request.
  Time since last request: 108.565899 seconds.
  path: Assets/Scripts/Competition/ResultsManager.cs
  artifactKey: Guid(a9f01a005295afbf698160fbad4affd7) Importer(815301076,1909f56bfc062723c751e8b465ee728b)
Start importing Assets/Scripts/Competition/ResultsManager.cs using Guid(a9f01a005295afbf698160fbad4affd7) Importer(815301076,1909f56bfc062723c751e8b465ee728b)  -> (artifact id: '792085b6fc43b39218f0d8e49e61a192') in 0.005818 seconds
  Import took 0.013649 seconds .

========================================================================
Received Import Request.
  Time since last request: 0.024109 seconds.
  path: Assets/Scripts/Competition/ResultsManager.cs
  artifactKey: Guid(a9f01a005295afbf698160fbad4affd7) Importer(815301076,1909f56bfc062723c751e8b465ee728b)
Start importing Assets/Scripts/Competition/ResultsManager.cs using Guid(a9f01a005295afbf698160fbad4affd7) Importer(815301076,1909f56bfc062723c751e8b465ee728b)  -> (artifact id: '792085b6fc43b39218f0d8e49e61a192') in 0.001307 seconds
  Import took 0.006646 seconds .

========================================================================
Received Prepare
Registering precompiled user dll's ...
Registered in 0.004619 seconds.
Begin MonoManager ReloadAssembly
Native extension for WindowsStandalone target not found
Refreshing native plugins compatible for Editor in 1.05 ms, found 1 plugins.
Preloading 0 native plugins for Editor in 0.00 ms.
Invoked RoslynAnalysisRunner static constructor.
RoslynAnalysisRunner will not be running.
RoslynAnalysisRunner has terminated.
Mono: successfully reloaded assembly
- Completed reload, in  0.760 seconds
Platform modules already initialized, skipping
Shader 'Universal Render Pipeline/Particles/Lit': fallback shader 'Universal Render Pipeline/Particles/SimpleLit' not found
Refreshing native plugins compatible for Editor in 1.35 ms, found 1 plugins.
Preloading 0 native plugins for Editor in 0.00 ms.
Unloading 3836 Unused Serialized files (Serialized files now loaded: 0)
System memory in use before: 259.0 MB.
System memory in use after: 259.3 MB.

Unloading 37 unused Assets to reduce memory usage. Loaded Objects now: 4487.
Total: 2.842600 ms (FindLiveObjects: 0.369600 ms CreateObjectMapping: 0.129400 ms MarkObjects: 2.309200 ms  DeleteObjects: 0.033600 ms)

========================================================================
Received Prepare
Registering precompiled user dll's ...
Registered in 0.003439 seconds.
Begin MonoManager ReloadAssembly
Native extension for WindowsStandalone target not found
Refreshing native plugins compatible for Editor in 1.01 ms, found 1 plugins.
Preloading 0 native plugins for Editor in 0.00 ms.
Invoked RoslynAnalysisRunner static constructor.
RoslynAnalysisRunner will not be running.
RoslynAnalysisRunner has terminated.
Mono: successfully reloaded assembly
- Completed reload, in  0.806 seconds
Platform modules already initialized, skipping
Shader 'Universal Render Pipeline/Particles/Lit': fallback shader 'Universal Render Pipeline/Particles/SimpleLit' not found
Refreshing native plugins compatible for Editor in 0.96 ms, found 1 plugins.
Preloading 0 native plugins for Editor in 0.00 ms.
Unloading 3836 Unused Serialized files (Serialized files now loaded: 0)
System memory in use before: 259.0 MB.
System memory in use after: 259.3 MB.

Unloading 37 unused Assets to reduce memory usage. Loaded Objects now: 4490.
Total: 3.061400 ms (FindLiveObjects: 0.488700 ms CreateObjectMapping: 0.126300 ms MarkObjects: 2.419400 ms  DeleteObjects: 0.023800 ms)

========================================================================
Received Import Request.
  Time since last request: 254.235314 seconds.
  path: Assets/Scripts/Competition/ResultsManager.cs
  artifactKey: Guid(a9f01a005295afbf698160fbad4affd7) Importer(815301076,1909f56bfc062723c751e8b465ee728b)
Start importing Assets/Scripts/Competition/ResultsManager.cs using Guid(a9f01a005295afbf698160fbad4affd7) Importer(815301076,1909f56bfc062723c751e8b465ee728b)  -> (artifact id: 'b33f60535240839364662ab165e371b8') in 0.005923 seconds
  Import took 0.013927 seconds .

========================================================================
Received Import Request.
  Time since last request: 0.026092 seconds.
  path: Assets/Scripts/Competition/ResultsManager.cs
  artifactKey: Guid(a9f01a005295afbf698160fbad4affd7) Importer(815301076,1909f56bfc062723c751e8b465ee728b)
Start importing Assets/Scripts/Competition/ResultsManager.cs using Guid(a9f01a005295afbf698160fbad4affd7) Importer(815301076,1909f56bfc062723c751e8b465ee728b)  -> (artifact id: 'b33f60535240839364662ab165e371b8') in 0.001320 seconds
  Import took 0.006898 seconds .

========================================================================
Received Prepare
Registering precompiled user dll's ...
Registered in 0.004766 seconds.
Begin MonoManager ReloadAssembly
Native extension for WindowsStandalone target not found
Refreshing native plugins compatible for Editor in 1.20 ms, found 1 plugins.
Preloading 0 native plugins for Editor in 0.00 ms.
Invoked RoslynAnalysisRunner static constructor.
RoslynAnalysisRunner will not be running.
RoslynAnalysisRunner has terminated.
Mono: successfully reloaded assembly
- Completed reload, in  0.782 seconds
Platform modules already initialized, skipping
Shader 'Universal Render Pipeline/Particles/Lit': fallback shader 'Universal Render Pipeline/Particles/SimpleLit' not found
Refreshing native plugins compatible for Editor in 1.08 ms, found 1 plugins.
Preloading 0 native plugins for Editor in 0.00 ms.
Unloading 3836 Unused Serialized files (Serialized files now loaded: 0)
System memory in use before: 259.0 MB.
System memory in use after: 259.3 MB.

Unloading 37 unused Assets to reduce memory usage. Loaded Objects now: 4493.
Total: 3.085800 ms (FindLiveObjects: 0.393400 ms CreateObjectMapping: 0.123700 ms MarkObjects: 2.535300 ms  DeleteObjects: 0.032600 ms)

========================================================================
Received Import Request.
  Time since last request: 46.330683 seconds.
  path: Assets/Scripts/Competition/ResultsManager.cs
  artifactKey: Guid(a9f01a005295afbf698160fbad4affd7) Importer(815301076,1909f56bfc062723c751e8b465ee728b)
Start importing Assets/Scripts/Competition/ResultsManager.cs using Guid(a9f01a005295afbf698160fbad4affd7) Importer(815301076,1909f56bfc062723c751e8b465ee728b)  -> (artifact id: '6d63f8da34bb10a0c19cc4175c1e1afa') in 0.006578 seconds
  Import took 0.015208 seconds .

========================================================================
Received Import Request.
  Time since last request: 0.036543 seconds.
  path: Assets/Scripts/Competition/ResultsManager.cs
  artifactKey: Guid(a9f01a005295afbf698160fbad4affd7) Importer(815301076,1909f56bfc062723c751e8b465ee728b)
Start importing Assets/Scripts/Competition/ResultsManager.cs using Guid(a9f01a005295afbf698160fbad4affd7) Importer(815301076,1909f56bfc062723c751e8b465ee728b)  -> (artifact id: '6d63f8da34bb10a0c19cc4175c1e1afa') in 0.001536 seconds
  Import took 0.008356 seconds .

========================================================================
Received Prepare
Registering precompiled user dll's ...
Registered in 0.003424 seconds.
Begin MonoManager ReloadAssembly
Native extension for WindowsStandalone target not found
Refreshing native plugins compatible for Editor in 1.14 ms, found 1 plugins.
Preloading 0 native plugins for Editor in 0.00 ms.
Invoked RoslynAnalysisRunner static constructor.
RoslynAnalysisRunner will not be running.
RoslynAnalysisRunner has terminated.
Mono: successfully reloaded assembly
- Completed reload, in  0.732 seconds
Platform modules already initialized, skipping
Shader 'Universal Render Pipeline/Particles/Lit': fallback shader 'Universal Render Pipeline/Particles/SimpleLit' not found
Refreshing native plugins compatible for Editor in 1.12 ms, found 1 plugins.
Preloading 0 native plugins for Editor in 0.00 ms.
Unloading 3836 Unused Serialized files (Serialized files now loaded: 0)
System memory in use before: 259.0 MB.
System memory in use after: 259.3 MB.

Unloading 37 unused Assets to reduce memory usage. Loaded Objects now: 4496.
Total: 3.807500 ms (FindLiveObjects: 0.511600 ms CreateObjectMapping: 0.290300 ms MarkObjects: 2.973600 ms  DeleteObjects: 0.030700 ms)

========================================================================
Received Prepare
Registering precompiled user dll's ...
Registered in 0.003326 seconds.
Begin MonoManager ReloadAssembly
Native extension for WindowsStandalone target not found
Refreshing native plugins compatible for Editor in 1.16 ms, found 1 plugins.
Preloading 0 native plugins for Editor in 0.00 ms.
Invoked RoslynAnalysisRunner static constructor.
RoslynAnalysisRunner will not be running.
RoslynAnalysisRunner has terminated.
Mono: successfully reloaded assembly
- Completed reload, in  0.794 seconds
Platform modules already initialized, skipping
Shader 'Universal Render Pipeline/Particles/Lit': fallback shader 'Universal Render Pipeline/Particles/SimpleLit' not found
Refreshing native plugins compatible for Editor in 1.04 ms, found 1 plugins.
Preloading 0 native plugins for Editor in 0.00 ms.
Unloading 3836 Unused Serialized files (Serialized files now loaded: 0)
System memory in use before: 259.0 MB.
System memory in use after: 259.3 MB.

Unloading 37 unused Assets to reduce memory usage. Loaded Objects now: 4499.
Total: 3.242700 ms (FindLiveObjects: 0.536700 ms CreateObjectMapping: 0.104600 ms MarkObjects: 2.569600 ms  DeleteObjects: 0.030500 ms)

========================================================================
Received Import Request.
  Time since last request: 160.575563 seconds.
  path: Assets/Scripts/Competition/ResultsManager.cs
  artifactKey: Guid(a9f01a005295afbf698160fbad4affd7) Importer(815301076,1909f56bfc062723c751e8b465ee728b)
Start importing Assets/Scripts/Competition/ResultsManager.cs using Guid(a9f01a005295afbf698160fbad4affd7) Importer(815301076,1909f56bfc062723c751e8b465ee728b)  -> (artifact id: 'ee7446e3392645598559a941ff607927') in 0.006211 seconds
  Import took 0.014062 seconds .

========================================================================
Received Import Request.
  Time since last request: 0.037862 seconds.
  path: Assets/Scripts/Competition/ResultsManager.cs
  artifactKey: Guid(a9f01a005295afbf698160fbad4affd7) Importer(815301076,1909f56bfc062723c751e8b465ee728b)
Start importing Assets/Scripts/Competition/ResultsManager.cs using Guid(a9f01a005295afbf698160fbad4affd7) Importer(815301076,1909f56bfc062723c751e8b465ee728b)  -> (artifact id: 'ee7446e3392645598559a941ff607927') in 0.001417 seconds
  Import took 0.007011 seconds .

========================================================================
Received Prepare
Registering precompiled user dll's ...
Registered in 0.003603 seconds.
Begin MonoManager ReloadAssembly
Native extension for WindowsStandalone target not found
Refreshing native plugins compatible for Editor in 0.95 ms, found 1 plugins.
Preloading 0 native plugins for Editor in 0.00 ms.
Invoked RoslynAnalysisRunner static constructor.
RoslynAnalysisRunner will not be running.
RoslynAnalysisRunner has terminated.
Mono: successfully reloaded assembly
- Completed reload, in  0.726 seconds
Platform modules already initialized, skipping
Shader 'Universal Render Pipeline/Particles/Lit': fallback shader 'Universal Render Pipeline/Particles/SimpleLit' not found
Refreshing native plugins compatible for Editor in 0.97 ms, found 1 plugins.
Preloading 0 native plugins for Editor in 0.00 ms.
Unloading 3836 Unused Serialized files (Serialized files now loaded: 0)
System memory in use before: 259.1 MB.
System memory in use after: 259.3 MB.

Unloading 37 unused Assets to reduce memory usage. Loaded Objects now: 4502.
Total: 3.417700 ms (FindLiveObjects: 0.576500 ms CreateObjectMapping: 0.238000 ms MarkObjects: 2.574000 ms  DeleteObjects: 0.028200 ms)

AssetImportWorkerClient::OnTransportError - code=2 error=End of file
